
moving to pose1..........
last_errors   : [0.4654367170622984, 1.7406410920996878, 1.2020134145380008, 1.2351991185397653, 0.003811325112712538]

current_errors: [-0.4654367170622984, -1.7406410920996878, 1.2020134145380008, -1.2351991185397653, -0.003811325112712538]
diff_errors   : [-0.9308734341245968, -3.4812821841993755, 0.0, -2.4703982370795305, -0.007622650225425076]
joint i:  0  stop moving !
adjustment: -0.04
joint i:  1  stop moving !
adjustment: -0.04
joint i:  2  stop moving !
adjustment: 0.04
joint i:  3  stop moving !
adjustment: -0.04
original_targets: [-0.46763391226283835, -1.736783757774947, 1.4083655479245376, -1.2371282026867965, 2.9952907295349718e-05]
adjusted_targets: [-0.5076339122628384, -1.776783757774947, 1.4483655479245376, -1.2771282026867965, 2.9952907295349718e-05]
last_errors   : [-0.4654367170622984, -1.7406410920996878, 1.2020134145380008, -1.2351991185397653, -0.003811325112712538]

current_errors: [-0.4654367170622984, -1.7391067379093663, 1.1851355184444667, -1.2259929933978375, -0.003811325112712538]
diff_errors   : [0.0, 0.0015343541903214408, -0.016877896093534073, 0.009206125141927757, 0.0]
joint i:  0  stop moving !
adjustment: -0.04
original_targets: [-0.46763391226283835, -1.736783757774947, 1.4083655479245376, -1.2371282026867965, 2.9952907295349718e-05]
adjusted_targets: [-0.5476339122628384, -1.776783757774947, 1.4483655479245376, -1.2771282026867965, 2.9952907295349718e-05]
last_errors   : [-0.4654367170622984, -1.7391067379093663, 1.1851355184444667, -1.2259929933978375, -0.003811325112712538]

current_errors: [-0.4347496332558727, -1.7084196541029406, 1.155982788828362, -1.1999089721623752, -0.003811325112712538]
diff_errors   : [0.030687083806425708, 0.030687083806425708, -0.02915272961610471, 0.026084021235462274, 0.0]
original_targets: [-0.46763391226283835, -1.736783757774947, 1.4083655479245376, -1.2371282026867965, 2.9952907295349718e-05]
adjusted_targets: [-0.5476339122628384, -1.776783757774947, 1.4483655479245376, -1.2771282026867965, 2.9952907295349718e-05]
last_errors   : [-0.4347496332558727, -1.7084196541029406, 1.155982788828362, -1.1999089721623752, -0.003811325112712538]

current_errors: [-0.4071312578300894, -1.6777325702965145, 1.1252957050219363, -1.16922188835595, -0.003811325112712538]
diff_errors   : [0.02761837542578327, 0.030687083806426152, -0.030687083806425708, 0.030687083806425264, 0.0]
original_targets: [-0.46763391226283835, -1.736783757774947, 1.4083655479245376, -1.2371282026867965, 2.9952907295349718e-05]
adjusted_targets: [-0.5476339122628384, -1.776783757774947, 1.4483655479245376, -1.2771282026867965, 2.9952907295349718e-05]
last_errors   : [-0.4071312578300894, -1.6777325702965145, 1.1252957050219363, -1.16922188835595, -0.003811325112712538]

current_errors: [-0.37644417402366326, -1.6470454864900888, 1.0946086212155106, -1.1400691587398448, -0.003811325112712538]
diff_errors   : [0.030687083806426152, 0.030687083806425708, -0.030687083806425708, 0.029152729616105155, 0.0]
original_targets: [-0.46763391226283835, -1.736783757774947, 1.4083655479245376, -1.2371282026867965, 2.9952907295349718e-05]
adjusted_targets: [-0.5476339122628384, -1.776783757774947, 1.4483655479245376, -1.2771282026867965, 2.9952907295349718e-05]
last_errors   : [-0.37644417402366326, -1.6470454864900888, 1.0946086212155106, -1.1400691587398448, -0.003811325112712538]

current_errors: [-0.3442227360269161, -1.6148240484933416, 1.0623871832187635, -1.1078477207430977, -0.003811325112712538]
diff_errors   : [0.03222143799674715, 0.03222143799674715, -0.03222143799674715, 0.03222143799674715, 0.0]
original_targets: [-0.46763391226283835, -1.736783757774947, 1.4083655479245376, -1.2371282026867965, 2.9952907295349718e-05]
adjusted_targets: [-0.5476339122628384, -1.776783757774947, 1.4483655479245376, -1.2771282026867965, 2.9952907295349718e-05]
last_errors   : [-0.3442227360269161, -1.6148240484933416, 1.0623871832187635, -1.1078477207430977, -0.003811325112712538]

current_errors: [-0.3135356522204904, -1.5826026104965945, 1.0317000994123373, -1.0771606369366715, -0.003811325112712538]
diff_errors   : [0.030687083806425708, 0.03222143799674715, -0.030687083806426152, 0.030687083806426152, 0.0]
original_targets: [-0.46763391226283835, -1.736783757774947, 1.4083655479245376, -1.2371282026867965, 2.9952907295349718e-05]
adjusted_targets: [-0.5476339122628384, -1.776783757774947, 1.4483655479245376, -1.2771282026867965, 2.9952907295349718e-05]
last_errors   : [-0.3135356522204904, -1.5826026104965945, 1.0317000994123373, -1.0771606369366715, -0.003811325112712538]

current_errors: [-0.2828485684140647, -1.5519155266901687, 0.9994786614155902, -1.0480079073205673, -0.0007426167320701005]
diff_errors   : [0.030687083806425708, 0.030687083806425708, -0.03222143799674715, 0.029152729616104267, 0.0030687083806424376]
original_targets: [-0.46763391226283835, -1.736783757774947, 1.4083655479245376, -1.2371282026867965, 2.9952907295349718e-05]
adjusted_targets: [-0.5476339122628384, -1.776783757774947, 1.4483655479245376, -1.2771282026867965, 2.9952907295349718e-05]
last_errors   : [-0.2828485684140647, -1.5519155266901687, 0.9994786614155902, -1.0480079073205673, -0.0007426167320701005]

current_errors: [-0.2490927762269961, -1.5212284428837426, 0.9703259317994855, -1.017320823514141, -0.003811325112712538]
diff_errors   : [0.03375579218706859, 0.030687083806426152, -0.02915272961610471, 0.030687083806426152, -0.0030687083806424376]
original_targets: [-0.46763391226283835, -1.736783757774947, 1.4083655479245376, -1.2371282026867965, 2.9952907295349718e-05]
adjusted_targets: [-0.5476339122628384, -1.776783757774947, 1.4483655479245376, -1.2771282026867965, 2.9952907295349718e-05]
last_errors   : [-0.2490927762269961, -1.5212284428837426, 0.9703259317994855, -1.017320823514141, -0.003811325112712538]

current_errors: [-0.22454310918185527, -1.485938296506353, 0.9365701396124173, -0.9866337397077158, 0.003860445838893778]
diff_errors   : [0.024549667045140833, 0.035290146377389586, -0.033755792187068145, 0.030687083806425264, 0.007671770951606316]
original_targets: [-0.46763391226283835, -1.736783757774947, 1.4083655479245376, -1.2371282026867965, 2.9952907295349718e-05]
adjusted_targets: [-0.5476339122628384, -1.776783757774947, 1.4483655479245376, -1.2771282026867965, 2.9952907295349718e-05]
last_errors   : [-0.22454310918185527, -1.485938296506353, 0.9365701396124173, -0.9866337397077158, 0.003860445838893778]

current_errors: [-0.1785124834722165, -1.4552512126999269, 0.9043487016156702, -0.9544123017109687, -0.003811325112712538]
diff_errors   : [0.046030625709638784, 0.030687083806426152, -0.03222143799674715, 0.03222143799674715, -0.007671770951606316]
original_targets: [-0.46763391226283835, -1.736783757774947, 1.4083655479245376, -1.2371282026867965, 2.9952907295349718e-05]
adjusted_targets: [-0.5476339122628384, -1.776783757774947, 1.4483655479245376, -1.2771282026867965, 2.9952907295349718e-05]
last_errors   : [-0.1785124834722165, -1.4552512126999269, 0.9043487016156702, -0.9544123017109687, -0.003811325112712538]

current_errors: [-0.16470329575932485, -1.4230297747031797, 0.873661617809244, -0.9206565095238997, -0.003811325112712538]
diff_errors   : [0.013809187712891635, 0.03222143799674715, -0.030687083806426152, 0.033755792187069034, 0.0]
original_targets: [-0.46763391226283835, -1.736783757774947, 1.4083655479245376, -1.2371282026867965, 2.9952907295349718e-05]
adjusted_targets: [-0.5476339122628384, -1.776783757774947, 1.4483655479245376, -1.2771282026867965, 2.9952907295349718e-05]
last_errors   : [-0.16470329575932485, -1.4230297747031797, 0.873661617809244, -0.9206565095238997, -0.003811325112712538]

current_errors: [-0.11867267004968607, -1.392342690896754, 0.8429745340028183, -0.8899694257174744, 0.0069291542195366596]
diff_errors   : [0.046030625709638784, 0.030687083806425708, -0.030687083806425708, 0.030687083806425264, 0.010740479332249198]
original_targets: [-0.46763391226283835, -1.736783757774947, 1.4083655479245376, -1.2371282026867965, 2.9952907295349718e-05]
adjusted_targets: [-0.5476339122628384, -1.776783757774947, 1.4483655479245376, -1.2771282026867965, 2.9952907295349718e-05]
last_errors   : [-0.11867267004968607, -1.392342690896754, 0.8429745340028183, -0.8899694257174744, 0.0069291542195366596]

current_errors: [-0.09872606557550911, -1.3616556070903283, 0.8122874501963926, -0.8592823419110482, -0.005345679303033979]
diff_errors   : [0.019946604474176954, 0.030687083806425708, -0.030687083806425708, 0.030687083806426152, -0.012274833522570638]
original_targets: [-0.46763391226283835, -1.736783757774947, 1.4083655479245376, -1.2371282026867965, 2.9952907295349718e-05]
adjusted_targets: [-0.5476339122628384, -1.776783757774947, 1.4483655479245376, -1.2771282026867965, 2.9952907295349718e-05]
last_errors   : [-0.09872606557550911, -1.3616556070903283, 0.8122874501963926, -0.8592823419110482, -0.005345679303033979]

current_errors: [-0.06650462757876197, -1.3294341690935811, 0.7816003663899664, -0.8285952581046221, 0.003860445838893778]
diff_errors   : [0.03222143799674715, 0.03222143799674715, -0.030687083806426152, 0.030687083806426152, 0.009206125141927757]
original_targets: [-0.46763391226283835, -1.736783757774947, 1.4083655479245376, -1.2371282026867965, 2.9952907295349718e-05]
adjusted_targets: [-0.5476339122628384, -1.776783757774947, 1.4483655479245376, -1.2771282026867965, 2.9952907295349718e-05]
last_errors   : [-0.06650462757876197, -1.3294341690935811, 0.7816003663899664, -0.8285952581046221, 0.003860445838893778]

current_errors: [-0.02507706444008706, -1.297212731096834, 0.7493789283932193, -0.7979081742981968, 0.0007917374582513403]
diff_errors   : [0.041427563138674905, 0.03222143799674715, -0.03222143799674715, 0.030687083806425264, -0.0030687083806424376]
original_targets: [-0.46763391226283835, -1.736783757774947, 1.4083655479245376, -1.2371282026867965, 2.9952907295349718e-05]
adjusted_targets: [-0.5476339122628384, -1.776783757774947, 1.4483655479245376, -1.2771282026867965, 2.9952907295349718e-05]
last_errors   : [-0.02507706444008706, -1.297212731096834, 0.7493789283932193, -0.7979081742981968, 0.0007917374582513403]

current_errors: [-0.011267876727195425, -1.2665256472904078, 0.7186918445867936, -0.7672210904917707, 0.003860445838893778]
diff_errors   : [0.013809187712891635, 0.030687083806426152, -0.030687083806425708, 0.030687083806426152, 0.0030687083806424376]
original_targets: [-0.46763391226283835, -1.736783757774947, 1.4083655479245376, -1.2371282026867965, 2.9952907295349718e-05]
adjusted_targets: [-0.5476339122628384, -1.776783757774947, 1.4483655479245376, -1.2771282026867965, 2.9952907295349718e-05]
last_errors   : [-0.011267876727195425, -1.2665256472904078, 0.7186918445867936, -0.7672210904917707, 0.003860445838893778]

current_errors: [0.037831457363085796, -1.2343042092936607, 0.6864704065900464, -0.7365340066853445, 0.005394800029215219]
diff_errors   : [0.04909933409028122, 0.03222143799674715, -0.03222143799674715, 0.030687083806426152, 0.0015343541903214408]
original_targets: [-0.46763391226283835, -1.736783757774947, 1.4083655479245376, -1.2371282026867965, 2.9952907295349718e-05]
adjusted_targets: [-0.5476339122628384, -1.776783757774947, 1.4483655479245376, -1.2771282026867965, 2.9952907295349718e-05]
last_errors   : [0.037831457363085796, -1.2343042092936607, 0.6864704065900464, -0.7365340066853445, 0.005394800029215219]

current_errors: [0.05317499926629887, -1.203617125487235, 0.6573176769739417, -0.7058469228789193, 0.002326091648572781]
diff_errors   : [0.015343541903213076, 0.030687083806425708, -0.02915272961610471, 0.030687083806425264, -0.0030687083806424376]
joint i:  0  stop moving !
adjustment: 0.04
original_targets: [-0.46763391226283835, -1.736783757774947, 1.4083655479245376, -1.2371282026867965, 2.9952907295349718e-05]
adjusted_targets: [-0.5076339122628384, -1.776783757774947, 1.4483655479245376, -1.2771282026867965, 2.9952907295349718e-05]
last_errors   : [0.05317499926629887, -1.203617125487235, 0.6573176769739417, -0.7058469228789193, 0.002326091648572781]

current_errors: [0.06851854116951195, -1.1729300416808088, 0.6250962389771946, -0.6751598390724931, 0.003860445838893778]
diff_errors   : [0.015343541903213076, 0.030687083806426152, -0.03222143799674715, 0.030687083806426152, 0.0015343541903209967]
joint i:  0  stop moving !
adjustment: 0.04
original_targets: [-0.46763391226283835, -1.736783757774947, 1.4083655479245376, -1.2371282026867965, 2.9952907295349718e-05]
adjusted_targets: [-0.4676339122628384, -1.776783757774947, 1.4483655479245376, -1.2771282026867965, 2.9952907295349718e-05]
last_errors   : [0.06851854116951195, -1.1729300416808088, 0.6250962389771946, -0.6751598390724931, 0.003860445838893778]

current_errors: [0.043968874124371116, -1.1407086036840617, 0.5928748009804474, -0.644472755266067, 0.002326091648572781]
diff_errors   : [-0.024549667045140833, 0.03222143799674715, -0.03222143799674715, 0.030687083806426152, -0.0015343541903209967]
original_targets: [-0.46763391226283835, -1.736783757774947, 1.4083655479245376, -1.2371282026867965, 2.9952907295349718e-05]
adjusted_targets: [-0.4676339122628384, -1.776783757774947, 1.4483655479245376, -1.2771282026867965, 2.9952907295349718e-05]
last_errors   : [0.043968874124371116, -1.1407086036840617, 0.5928748009804474, -0.644472755266067, 0.002326091648572781]

current_errors: [0.004075665176017207, -1.110021519877636, 0.5637220713643427, -0.6137856714596408, 0.003860445838893778]
diff_errors   : [-0.03989320894835391, 0.030687083806425708, -0.02915272961610471, 0.030687083806426152, 0.0015343541903209967]
original_targets: [-0.46763391226283835, -1.736783757774947, 1.4083655479245376, -1.2371282026867965, 2.9952907295349718e-05]
adjusted_targets: [-0.4676339122628384, -1.776783757774947, 1.4483655479245376, -1.2771282026867965, 2.9952907295349718e-05]
last_errors   : [0.004075665176017207, -1.110021519877636, 0.5637220713643427, -0.6137856714596408, 0.003860445838893778]

current_errors: [0.014816144508266405, -1.0778000818808888, 0.533034987557917, -0.5830985876532155, 0.005394800029215219]
diff_errors   : [0.010740479332249198, 0.03222143799674715, -0.030687083806425708, 0.030687083806425264, 0.0015343541903214408]
original_targets: [-0.46763391226283835, -1.736783757774947, 1.4083655479245376, -1.2371282026867965, 2.9952907295349718e-05]
adjusted_targets: [-0.4676339122628384, -1.776783757774947, 1.4483655479245376, -1.2771282026867965, 2.9952907295349718e-05]
last_errors   : [0.014816144508266405, -1.0778000818808888, 0.533034987557917, -0.5830985876532155, 0.005394800029215219]

current_errors: [-0.006664814156231547, -1.0471129980744631, 0.5023479037514909, -0.5524115038467894, 0.005394800029215219]
diff_errors   : [-0.02148095866449795, 0.030687083806425708, -0.030687083806426152, 0.030687083806426152, 0.0]
original_targets: [-0.46763391226283835, -1.736783757774947, 1.4083655479245376, -1.2371282026867965, 2.9952907295349718e-05]
adjusted_targets: [-0.4676339122628384, -1.776783757774947, 1.4483655479245376, -1.2771282026867965, 2.9952907295349718e-05]
last_errors   : [-0.006664814156231547, -1.0471129980744631, 0.5023479037514909, -0.5524115038467894, 0.005394800029215219]

current_errors: [0.0071443735566600886, -1.014891560077716, 0.4701264657547437, -0.5217244200403637, 0.005394800029215219]
diff_errors   : [0.013809187712891635, 0.03222143799674715, -0.03222143799674715, 0.030687083806425708, 0.0]
original_targets: [-0.46763391226283835, -1.736783757774947, 1.4083655479245376, -1.2371282026867965, 2.9952907295349718e-05]
adjusted_targets: [-0.4676339122628384, -1.776783757774947, 1.4483655479245376, -1.2771282026867965, 2.9952907295349718e-05]
last_errors   : [0.0071443735566600886, -1.014891560077716, 0.4701264657547437, -0.5217244200403637, 0.005394800029215219]

current_errors: [-0.003596105775589109, -0.9842044762712898, 0.43943938194831844, -0.4910373362339375, 0.005394800029215219]
diff_errors   : [-0.010740479332249198, 0.030687083806426152, -0.030687083806425264, 0.030687083806426152, 0.0]
original_targets: [-0.46763391226283835, -1.736783757774947, 1.4083655479245376, -1.2371282026867965, 2.9952907295349718e-05]
adjusted_targets: [-0.4676339122628384, -1.776783757774947, 1.4483655479245376, -1.2771282026867965, 2.9952907295349718e-05]
last_errors   : [-0.003596105775589109, -0.9842044762712898, 0.43943938194831844, -0.4910373362339375, 0.005394800029215219]

current_errors: [-0.0020617515852676682, -0.9519830382745427, 0.4072179439515704, -0.4603502524275118, 0.005394800029215219]
diff_errors   : [0.0015343541903214408, 0.03222143799674715, -0.03222143799674804, 0.030687083806425708, 0.0]
original_targets: [-0.46763391226283835, -1.736783757774947, 1.4083655479245376, -1.2371282026867965, 2.9952907295349718e-05]
adjusted_targets: [-0.4676339122628384, -1.776783757774947, 1.4483655479245376, -1.2771282026867965, 2.9952907295349718e-05]
last_errors   : [-0.0020617515852676682, -0.9519830382745427, 0.4072179439515704, -0.4603502524275118, 0.005394800029215219]

current_errors: [0.0010069567953747693, -0.921295954468117, 0.37653086014514514, -0.4296631686210861, 0.005394800029215219]
diff_errors   : [0.0030687083806424376, 0.030687083806425708, -0.030687083806425264, 0.030687083806425708, 0.0]
original_targets: [-0.46763391226283835, -1.736783757774947, 1.4083655479245376, -1.2371282026867965, 2.9952907295349718e-05]
adjusted_targets: [-0.4676339122628384, -1.776783757774947, 1.4483655479245376, -1.2771282026867965, 2.9952907295349718e-05]
last_errors   : [0.0010069567953747693, -0.921295954468117, 0.37653086014514514, -0.4296631686210861, 0.005394800029215219]

current_errors: [0.00254131098569621, -0.8890745164713698, 0.34737813052904, -0.39897608481465996, 0.005394800029215219]
diff_errors   : [0.0015343541903214408, 0.03222143799674715, -0.029152729616105155, 0.030687083806426152, 0.0]
original_targets: [-0.46763391226283835, -1.736783757774947, 1.4083655479245376, -1.2371282026867965, 2.9952907295349718e-05]
adjusted_targets: [-0.4676339122628384, -1.776783757774947, 1.4483655479245376, -1.2771282026867965, 2.9952907295349718e-05]
last_errors   : [0.00254131098569621, -0.8890745164713698, 0.34737813052904, -0.39897608481465996, 0.005394800029215219]

current_errors: [0.00254131098569621, -0.8583874326649437, 0.31515669253229284, -0.36828900100823425, 0.005394800029215219]
diff_errors   : [0.0, 0.030687083806426152, -0.03222143799674715, 0.030687083806425708, 0.0]
original_targets: [-0.46763391226283835, -1.736783757774947, 1.4083655479245376, -1.2371282026867965, 2.9952907295349718e-05]
adjusted_targets: [-0.4676339122628384, -1.776783757774947, 1.4483655479245376, -1.2771282026867965, 2.9952907295349718e-05]
last_errors   : [0.00254131098569621, -0.8583874326649437, 0.31515669253229284, -0.36828900100823425, 0.005394800029215219]

current_errors: [0.00254131098569621, -0.8261659946681965, 0.2829352545355457, -0.33760191720180854, 0.005394800029215219]
diff_errors   : [0.0, 0.03222143799674715, -0.03222143799674715, 0.030687083806425708, 0.0]
original_targets: [-0.46763391226283835, -1.736783757774947, 1.4083655479245376, -1.2371282026867965, 2.9952907295349718e-05]
adjusted_targets: [-0.4676339122628384, -1.776783757774947, 1.4483655479245376, -1.2771282026867965, 2.9952907295349718e-05]
last_errors   : [0.00254131098569621, -0.8261659946681965, 0.2829352545355457, -0.33760191720180854, 0.005394800029215219]

current_errors: [0.00254131098569621, -0.7954789108617708, 0.2522481707291204, -0.3053804792050614, 0.005394800029215219]
diff_errors   : [0.0, 0.030687083806425708, -0.030687083806425264, 0.03222143799674715, 0.0]
original_targets: [-0.46763391226283835, -1.736783757774947, 1.4083655479245376, -1.2371282026867965, 2.9952907295349718e-05]
adjusted_targets: [-0.4676339122628384, -1.776783757774947, 1.4483655479245376, -1.2771282026867965, 2.9952907295349718e-05]
last_errors   : [0.00254131098569621, -0.7954789108617708, 0.2522481707291204, -0.3053804792050614, 0.005394800029215219]

current_errors: [0.00254131098569621, -0.7647918270553447, 0.22156108692269427, -0.27469339539863524, 0.005394800029215219]
diff_errors   : [0.0, 0.030687083806426152, -0.030687083806426152, 0.030687083806426152, 0.0]
original_targets: [-0.46763391226283835, -1.736783757774947, 1.4083655479245376, -1.2371282026867965, 2.9952907295349718e-05]
adjusted_targets: [-0.4676339122628384, -1.776783757774947, 1.4483655479245376, -1.2771282026867965, 2.9952907295349718e-05]
last_errors   : [0.00254131098569621, -0.7647918270553447, 0.22156108692269427, -0.27469339539863524, 0.005394800029215219]

current_errors: [0.00254131098569621, -0.734104743248919, 0.19087400311626812, -0.24400631159220953, 0.005394800029215219]
diff_errors   : [0.0, 0.030687083806425708, -0.030687083806426152, 0.030687083806425708, 0.0]
original_targets: [-0.46763391226283835, -1.736783757774947, 1.4083655479245376, -1.2371282026867965, 2.9952907295349718e-05]
adjusted_targets: [-0.4676339122628384, -1.776783757774947, 1.4483655479245376, -1.2771282026867965, 2.9952907295349718e-05]
last_errors   : [0.00254131098569621, -0.734104743248919, 0.19087400311626812, -0.24400631159220953, 0.005394800029215219]

current_errors: [0.00254131098569621, -0.7018833052521718, 0.16018691930984286, -0.21331922778578338, 0.0069291542195366596]
diff_errors   : [0.0, 0.03222143799674715, -0.030687083806425264, 0.030687083806426152, 0.0015343541903214408]
original_targets: [-0.46763391226283835, -1.736783757774947, 1.4083655479245376, -1.2371282026867965, 2.9952907295349718e-05]
adjusted_targets: [-0.4676339122628384, -1.776783757774947, 1.4483655479245376, -1.2771282026867965, 2.9952907295349718e-05]
last_errors   : [0.00254131098569621, -0.7018833052521718, 0.16018691930984286, -0.21331922778578338, 0.0069291542195366596]

current_errors: [0.00254131098569621, -0.6696618672554246, 0.1279654813130957, -0.18263214397935768, 0.005394800029215219]
diff_errors   : [0.0, 0.03222143799674715, -0.03222143799674715, 0.030687083806425708, -0.0015343541903214408]
original_targets: [-0.46763391226283835, -1.736783757774947, 1.4083655479245376, -1.2371282026867965, 2.9952907295349718e-05]
adjusted_targets: [-0.4676339122628384, -1.776783757774947, 1.4483655479245376, -1.2771282026867965, 2.9952907295349718e-05]
last_errors   : [0.00254131098569621, -0.6696618672554246, 0.1279654813130957, -0.18263214397935768, 0.005394800029215219]

current_errors: [0.00254131098569621, -0.6389747834489989, 0.09727839750666956, -0.15194506017293197, 0.005394800029215219]
diff_errors   : [0.0, 0.030687083806425708, -0.030687083806426152, 0.030687083806425708, 0.0]
original_targets: [-0.46763391226283835, -1.736783757774947, 1.4083655479245376, -1.2371282026867965, 2.9952907295349718e-05]
adjusted_targets: [-0.4676339122628384, -1.776783757774947, 1.4483655479245376, -1.2771282026867965, 2.9952907295349718e-05]
last_errors   : [0.00254131098569621, -0.6389747834489989, 0.09727839750666956, -0.15194506017293197, 0.005394800029215219]

current_errors: [0.00254131098569621, -0.6082876996425728, 0.0665913137002434, -0.12125797636650582, 0.005394800029215219]
diff_errors   : [0.0, 0.030687083806426152, -0.030687083806426152, 0.030687083806426152, 0.0]
original_targets: [-0.46763391226283835, -1.736783757774947, 1.4083655479245376, -1.2371282026867965, 2.9952907295349718e-05]
adjusted_targets: [-0.4676339122628384, -1.776783757774947, 1.4483655479245376, -1.2771282026867965, 2.9952907295349718e-05]
last_errors   : [0.00254131098569621, -0.6082876996425728, 0.0665913137002434, -0.12125797636650582, 0.005394800029215219]

current_errors: [0.00254131098569621, -0.5760662616458256, 0.03590422989381814, -0.08903653836975867, 0.005394800029215219]
diff_errors   : [0.0, 0.03222143799674715, -0.030687083806425264, 0.03222143799674715, 0.0]
original_targets: [-0.46763391226283835, -1.736783757774947, 1.4083655479245376, -1.2371282026867965, 2.9952907295349718e-05]
adjusted_targets: [-0.4676339122628384, -1.776783757774947, 1.4483655479245376, -1.2771282026867965, 2.9952907295349718e-05]
last_errors   : [0.00254131098569621, -0.5760662616458256, 0.03590422989381814, -0.08903653836975867, 0.005394800029215219]

current_errors: [0.00254131098569621, -0.5453791778393999, 0.0036827918970709916, -0.05834945456333296, 0.005394800029215219]
diff_errors   : [0.0, 0.030687083806425708, -0.03222143799674715, 0.030687083806425708, 0.0]
original_targets: [-0.46763391226283835, -1.736783757774947, 1.4083655479245376, -1.2371282026867965, 2.9952907295349718e-05]
adjusted_targets: [-0.4676339122628384, -1.776783757774947, 1.4483655479245376, -1.2771282026867965, 2.9952907295349718e-05]
last_errors   : [0.00254131098569621, -0.5453791778393999, 0.0036827918970709916, -0.05834945456333296, 0.005394800029215219]

current_errors: [0.00254131098569621, -0.5146920940329738, -0.02700429190935516, -0.02766237075690725, 0.005394800029215219]
diff_errors   : [0.0, 0.030687083806426152, -0.030687083806426152, 0.030687083806425708, 0.0]
original_targets: [-0.46763391226283835, -1.736783757774947, 1.4083655479245376, -1.2371282026867965, 2.9952907295349718e-05]
adjusted_targets: [-0.4676339122628384, -1.776783757774947, 1.4483655479245376, -1.2771282026867965, 2.9952907295349718e-05]
last_errors   : [0.00254131098569621, -0.5146920940329738, -0.02700429190935516, -0.02766237075690725, 0.005394800029215219]

current_errors: [0.00254131098569621, -0.48400501022654807, -0.04388218800288968, 0.0014903588591974604, 0.005394800029215219]
diff_errors   : [0.0, 0.030687083806425708, -0.016877896093534517, 0.02915272961610471, 0.0]
joint i:  2  stop moving !
adjustment: -0.04
original_targets: [-0.46763391226283835, -1.736783757774947, 1.4083655479245376, -1.2371282026867965, 2.9952907295349718e-05]
adjusted_targets: [-0.4676339122628384, -1.776783757774947, 1.4083655479245376, -1.2771282026867965, 2.9952907295349718e-05]
last_errors   : [0.00254131098569621, -0.48400501022654807, -0.04388218800288968, 0.0014903588591974604, 0.005394800029215219]

current_errors: [0.00254131098569621, -0.4517835722298009, -0.04388218800288968, 0.024505671714016852, 0.005394800029215219]
diff_errors   : [0.0, 0.03222143799674715, 0.0, 0.023015312854819392, 0.0]
joint i:  2  stop moving !
adjustment: -0.04
original_targets: [-0.46763391226283835, -1.736783757774947, 1.4083655479245376, -1.2371282026867965, 2.9952907295349718e-05]
adjusted_targets: [-0.4676339122628384, -1.776783757774947, 1.3683655479245376, -1.2771282026867965, 2.9952907295349718e-05]
last_errors   : [0.00254131098569621, -0.4517835722298009, -0.04388218800288968, 0.024505671714016852, 0.005394800029215219]

current_errors: [0.00254131098569621, -0.421096488423375, -0.0392791254319258, 0.02910873428498073, 0.005394800029215219]
diff_errors   : [0.0, 0.03068708380642593, 0.004603062570963878, 0.004603062570963878, 0.0]
original_targets: [-0.46763391226283835, -1.736783757774947, 1.4083655479245376, -1.2371282026867965, 2.9952907295349718e-05]
adjusted_targets: [-0.4676339122628384, -1.776783757774947, 1.3683655479245376, -1.2771282026867965, 2.9952907295349718e-05]
last_errors   : [0.00254131098569621, -0.421096488423375, -0.0392791254319258, 0.02910873428498073, 0.005394800029215219]

current_errors: [0.00254131098569621, -0.3904094046169493, -0.013195104196463525, 0.02910873428498073, 0.005394800029215219]
diff_errors   : [0.0, 0.030687083806425708, 0.026084021235462274, 0.0, 0.0]
original_targets: [-0.46763391226283835, -1.736783757774947, 1.4083655479245376, -1.2371282026867965, 2.9952907295349718e-05]
adjusted_targets: [-0.4676339122628384, -1.776783757774947, 1.3683655479245376, -1.2771282026867965, 2.9952907295349718e-05]
last_errors   : [0.00254131098569621, -0.3904094046169493, -0.013195104196463525, 0.02910873428498073, 0.005394800029215219]

current_errors: [0.0010069567953747693, -0.35818796662020214, -0.005523333244856765, 0.02910873428498073, 0.005394800029215219]
diff_errors   : [-0.0015343541903214408, 0.03222143799674715, 0.00767177095160676, 0.0, 0.0]
original_targets: [-0.46763391226283835, -1.736783757774947, 1.4083655479245376, -1.2371282026867965, 2.9952907295349718e-05]
adjusted_targets: [-0.4676339122628384, -1.776783757774947, 1.3683655479245376, -1.2771282026867965, 2.9952907295349718e-05]
last_errors   : [0.0010069567953747693, -0.35818796662020214, -0.005523333244856765, 0.02910873428498073, 0.005394800029215219]

current_errors: [0.0010069567953747693, -0.3275008828137762, -0.005523333244856765, 0.02910873428498073, 0.005394800029215219]
diff_errors   : [0.0, 0.03068708380642593, 0.0, 0.0, 0.0]
original_targets: [-0.46763391226283835, -1.736783757774947, 1.4083655479245376, -1.2371282026867965, 2.9952907295349718e-05]
adjusted_targets: [-0.4676339122628384, -1.776783757774947, 1.3683655479245376, -1.2771282026867965, 2.9952907295349718e-05]
last_errors   : [0.0010069567953747693, -0.3275008828137762, -0.005523333244856765, 0.02910873428498073, 0.005394800029215219]

current_errors: [0.0010069567953747693, -0.2968137990073503, -0.005523333244856765, 0.02910873428498073, 0.005394800029215219]
diff_errors   : [0.0, 0.03068708380642593, 0.0, 0.0, 0.0]
original_targets: [-0.46763391226283835, -1.736783757774947, 1.4083655479245376, -1.2371282026867965, 2.9952907295349718e-05]
adjusted_targets: [-0.4676339122628384, -1.776783757774947, 1.3683655479245376, -1.2771282026867965, 2.9952907295349718e-05]
last_errors   : [0.0010069567953747693, -0.2968137990073503, -0.005523333244856765, 0.02910873428498073, 0.005394800029215219]

current_errors: [0.0010069567953747693, -0.26152365262996047, -0.005523333244856765, 0.02910873428498073, 0.005394800029215219]
diff_errors   : [0.0, 0.03529014637738981, 0.0, 0.0, 0.0]
original_targets: [-0.46763391226283835, -1.736783757774947, 1.4083655479245376, -1.2371282026867965, 2.9952907295349718e-05]
adjusted_targets: [-0.4676339122628384, -1.776783757774947, 1.3683655479245376, -1.2771282026867965, 2.9952907295349718e-05]
last_errors   : [0.0010069567953747693, -0.26152365262996047, -0.005523333244856765, 0.02910873428498073, 0.005394800029215219]

current_errors: [0.0010069567953747693, -0.23083656882353476, -0.005523333244856765, 0.02910873428498073, 0.005394800029215219]
diff_errors   : [0.0, 0.030687083806425708, 0.0, 0.0, 0.0]
original_targets: [-0.46763391226283835, -1.736783757774947, 1.4083655479245376, -1.2371282026867965, 2.9952907295349718e-05]
adjusted_targets: [-0.4676339122628384, -1.776783757774947, 1.3683655479245376, -1.2771282026867965, 2.9952907295349718e-05]
last_errors   : [0.0010069567953747693, -0.23083656882353476, -0.005523333244856765, 0.02910873428498073, 0.005394800029215219]

current_errors: [0.0010069567953747693, -0.20014948501710883, -0.005523333244856765, 0.02910873428498073, 0.005394800029215219]
diff_errors   : [0.0, 0.03068708380642593, 0.0, 0.0, 0.0]
original_targets: [-0.46763391226283835, -1.736783757774947, 1.4083655479245376, -1.2371282026867965, 2.9952907295349718e-05]
adjusted_targets: [-0.4676339122628384, -1.776783757774947, 1.3683655479245376, -1.2771282026867965, 2.9952907295349718e-05]
last_errors   : [0.0010069567953747693, -0.20014948501710883, -0.005523333244856765, 0.02910873428498073, 0.005394800029215219]

current_errors: [0.0010069567953747693, -0.16792804702036168, -0.005523333244856765, 0.02910873428498073, 0.005394800029215219]
diff_errors   : [0.0, 0.03222143799674715, 0.0, 0.0, 0.0]
original_targets: [-0.46763391226283835, -1.736783757774947, 1.4083655479245376, -1.2371282026867965, 2.9952907295349718e-05]
adjusted_targets: [-0.4676339122628384, -1.776783757774947, 1.3683655479245376, -1.2771282026867965, 2.9952907295349718e-05]
last_errors   : [0.0010069567953747693, -0.16792804702036168, -0.005523333244856765, 0.02910873428498073, 0.005394800029215219]

current_errors: [0.0010069567953747693, -0.13724096321393575, -0.005523333244856765, 0.02910873428498073, 0.005394800029215219]
diff_errors   : [0.0, 0.03068708380642593, 0.0, 0.0, 0.0]
original_targets: [-0.46763391226283835, -1.736783757774947, 1.4083655479245376, -1.2371282026867965, 2.9952907295349718e-05]
adjusted_targets: [-0.4676339122628384, -1.776783757774947, 1.3683655479245376, -1.2771282026867965, 2.9952907295349718e-05]
last_errors   : [0.0010069567953747693, -0.13724096321393575, -0.005523333244856765, 0.02910873428498073, 0.005394800029215219]

current_errors: [0.0010069567953747693, -0.10655387940750982, -0.005523333244856765, 0.02910873428498073, 0.005394800029215219]
diff_errors   : [0.0, 0.03068708380642593, 0.0, 0.0, 0.0]
original_targets: [-0.46763391226283835, -1.736783757774947, 1.4083655479245376, -1.2371282026867965, 2.9952907295349718e-05]
adjusted_targets: [-0.4676339122628384, -1.776783757774947, 1.3683655479245376, -1.2771282026867965, 2.9952907295349718e-05]
last_errors   : [0.0010069567953747693, -0.10655387940750982, -0.005523333244856765, 0.02910873428498073, 0.005394800029215219]

current_errors: [0.0010069567953747693, -0.07433244141076267, -0.005523333244856765, 0.02910873428498073, 0.005394800029215219]
diff_errors   : [0.0, 0.03222143799674715, 0.0, 0.0, 0.0]
original_targets: [-0.46763391226283835, -1.736783757774947, 1.4083655479245376, -1.2371282026867965, 2.9952907295349718e-05]
adjusted_targets: [-0.4676339122628384, -1.776783757774947, 1.3683655479245376, -1.2771282026867965, 2.9952907295349718e-05]
last_errors   : [0.0010069567953747693, -0.07433244141076267, -0.005523333244856765, 0.02910873428498073, 0.005394800029215219]

current_errors: [0.0010069567953747693, -0.04364535760433674, -0.005523333244856765, 0.02910873428498073, 0.005394800029215219]
diff_errors   : [0.0, 0.03068708380642593, 0.0, 0.0, 0.0]
original_targets: [-0.46763391226283835, -1.736783757774947, 1.4083655479245376, -1.2371282026867965, 2.9952907295349718e-05]
adjusted_targets: [-0.4676339122628384, -1.776783757774947, 1.3683655479245376, -1.2771282026867965, 2.9952907295349718e-05]
last_errors   : [0.0010069567953747693, -0.04364535760433674, -0.005523333244856765, 0.02910873428498073, 0.005394800029215219]

current_errors: [0.0010069567953747693, -0.012958273797911035, -0.005523333244856765, 0.02910873428498073, 0.005394800029215219]
diff_errors   : [0.0, 0.030687083806425708, 0.0, 0.0, 0.0]
all(err < tolerance for err in current_errors)
current_errors: [0.0010069567953747693, -0.012958273797911035, -0.005523333244856765, 0.02910873428498073, 0.005394800029215219]
pose1_target:  [-0.1, -0.2, 0.15, 0, 0, 0]
pose1_actual: [-0.09126594666282221, -0.2254764193541867, 0.17647017818002309, -0.005374013100186648, -0.005363110563510798, -0.46861203857384703]
target_joints: [-0.46763391226283835, -1.736783757774947, 1.4083655479245376, -1.2371282026867965, 2.9952907295349718e-05]
current_joints: [-0.4686408690582131, -1.723825483977036, 1.4138888811693944, -1.2662369369717772, -0.005364847121919869]
joint_diff: [0.0010069567953747693, -0.012958273797911035, -0.005523333244856765, 0.02910873428498073, 0.005394800029215219]
sleep 0 seconds..........
press enter to continue..........ERROR | _spin_thread:91 - Spin thread error: 
ERROR | main:907 - Error shutting down rclpy: failed to shutdown: rcl_shutdown already called on the given context, at ./src/rcl/init.c:333
